<?xml version="1.0" encoding="UTF-8" ?>
<testsuite tests="11" failures="0" name="RunCukeTest" time="0.077" errors="2" skipped="9">
  <properties>
[...]
</properties>
  <testcase classname="| http://automationpractice.com/index.php | yetlmail@test.co.uk | Login - My Store | My account - My Store | Dresses - My Store | mark | kofi | Curiy7n1 | Product successfully added to your shopping cart | 12 | May | 1977 | 102 drive | london | Texas | 00000 | United States | 07952983202 |" name="Given I am on the home page" time="0.007">
    <error message="Failed to instantiate class steps.CucumberSteps" type="cucumber.runtime.CucumberException">cucumber.runtime.CucumberException: Failed to instantiate class steps.CucumberSteps
	at cucumber.runtime.java.DefaultJavaObjectFactory.cacheNewInstance(DefaultJavaObjectFactory.java:45)
	at cucumber.runtime.java.DefaultJavaObjectFactory.getInstance(DefaultJavaObjectFactory.java:31)
	at cucumber.runtime.java.JavaStepDefinition.execute(JavaStepDefinition.java:38)
	at cucumber.runtime.StepDefinitionMatch.runStep(StepDefinitionMatch.java:37)
	at cucumber.runtime.Runtime.runStep(Runtime.java:299)
	at cucumber.runtime.model.StepContainer.runStep(StepContainer.java:44)
	at cucumber.runtime.model.StepContainer.runSteps(StepContainer.java:39)
	at cucumber.runtime.model.CucumberScenario.run(CucumberScenario.java:44)
	at cucumber.runtime.junit.ExecutionUnitRunner.run(ExecutionUnitRunner.java:91)
	at org.junit.runners.Suite.runChild(Suite.java:128)
	at org.junit.runners.Suite.runChild(Suite.java:27)
	at org.junit.runners.ParentRunner$3.run(ParentRunner.java:290)
	at org.junit.runners.ParentRunner$1.schedule(ParentRunner.java:71)
	at org.junit.runners.ParentRunner.runChildren(ParentRunner.java:288)
	at org.junit.runners.ParentRunner.access$000(ParentRunner.java:58)
	at org.junit.runners.ParentRunner$2.evaluate(ParentRunner.java:268)
	at org.junit.runners.ParentRunner.run(ParentRunner.java:363)
	at cucumber.runtime.junit.ExamplesRunner.run(ExamplesRunner.java:59)
	at org.junit.runners.Suite.runChild(Suite.java:128)
	at org.junit.runners.Suite.runChild(Suite.java:27)
	at org.junit.runners.ParentRunner$3.run(ParentRunner.java:290)
	at org.junit.runners.ParentRunner$1.schedule(ParentRunner.java:71)
	at org.junit.runners.ParentRunner.runChildren(ParentRunner.java:288)
	at org.junit.runners.ParentRunner.access$000(ParentRunner.java:58)
	at org.junit.runners.ParentRunner$2.evaluate(ParentRunner.java:268)
	at org.junit.runners.ParentRunner.run(ParentRunner.java:363)
	at cucumber.runtime.junit.ScenarioOutlineRunner.run(ScenarioOutlineRunner.java:53)
	at cucumber.runtime.junit.FeatureRunner.runChild(FeatureRunner.java:63)
	at cucumber.runtime.junit.FeatureRunner.runChild(FeatureRunner.java:18)
	at org.junit.runners.ParentRunner$3.run(ParentRunner.java:290)
	at org.junit.runners.ParentRunner$1.schedule(ParentRunner.java:71)
	at org.junit.runners.ParentRunner.runChildren(ParentRunner.java:288)
	at org.junit.runners.ParentRunner.access$000(ParentRunner.java:58)
	at org.junit.runners.ParentRunner$2.evaluate(ParentRunner.java:268)
	at org.junit.runners.ParentRunner.run(ParentRunner.java:363)
	at cucumber.runtime.junit.FeatureRunner.run(FeatureRunner.java:70)
	at cucumber.api.junit.Cucumber.runChild(Cucumber.java:93)
	at cucumber.api.junit.Cucumber.runChild(Cucumber.java:37)
	at org.junit.runners.ParentRunner$3.run(ParentRunner.java:290)
	at org.junit.runners.ParentRunner$1.schedule(ParentRunner.java:71)
	at org.junit.runners.ParentRunner.runChildren(ParentRunner.java:288)
	at org.junit.runners.ParentRunner.access$000(ParentRunner.java:58)
	at org.junit.runners.ParentRunner$2.evaluate(ParentRunner.java:268)
	at org.junit.runners.ParentRunner.run(ParentRunner.java:363)
	at cucumber.api.junit.Cucumber.run(Cucumber.java:98)
	at org.apache.maven.surefire.junit4.JUnit4Provider.execute(JUnit4Provider.java:252)
	at org.apache.maven.surefire.junit4.JUnit4Provider.executeTestSet(JUnit4Provider.java:141)
	at org.apache.maven.surefire.junit4.JUnit4Provider.invoke(JUnit4Provider.java:112)
	at sun.reflect.NativeMethodAccessorImpl.invoke0(Native Method)
	at sun.reflect.NativeMethodAccessorImpl.invoke(NativeMethodAccessorImpl.java:62)
	at sun.reflect.DelegatingMethodAccessorImpl.invoke(DelegatingMethodAccessorImpl.java:43)
	at java.lang.reflect.Method.invoke(Method.java:498)
	at org.apache.maven.surefire.util.ReflectionUtils.invokeMethodWithArray(ReflectionUtils.java:189)
	at org.apache.maven.surefire.booter.ProviderFactory$ProviderProxy.invoke(ProviderFactory.java:165)
	at org.apache.maven.surefire.booter.ProviderFactory.invokeProvider(ProviderFactory.java:85)
	at org.apache.maven.surefire.booter.ForkedBooter.runSuitesInProcess(ForkedBooter.java:115)
	at org.apache.maven.surefire.booter.ForkedBooter.main(ForkedBooter.java:75)
Caused by: java.lang.reflect.InvocationTargetException
	at sun.reflect.NativeConstructorAccessorImpl.newInstance0(Native Method)
	at sun.reflect.NativeConstructorAccessorImpl.newInstance(NativeConstructorAccessorImpl.java:62)
	at sun.reflect.DelegatingConstructorAccessorImpl.newInstance(DelegatingConstructorAccessorImpl.java:45)
	at java.lang.reflect.Constructor.newInstance(Constructor.java:423)
	at cucumber.runtime.java.DefaultJavaObjectFactory.cacheNewInstance(DefaultJavaObjectFactory.java:39)
	... 56 more
Caused by: java.lang.RuntimeException: java.lang.reflect.InvocationTargetException
	at org.openqa.selenium.support.PageFactory.instantiatePage(PageFactory.java:137)
	at org.openqa.selenium.support.PageFactory.initElements(PageFactory.java:63)
	at steps.CucumberSteps.&lt;init&gt;(CucumberSteps.java:22)
	... 61 more
Caused by: java.lang.reflect.InvocationTargetException
	at sun.reflect.NativeConstructorAccessorImpl.newInstance0(Native Method)
	at sun.reflect.NativeConstructorAccessorImpl.newInstance(NativeConstructorAccessorImpl.java:62)
	at sun.reflect.DelegatingConstructorAccessorImpl.newInstance(DelegatingConstructorAccessorImpl.java:45)
	at java.lang.reflect.Constructor.newInstance(Constructor.java:423)
	at org.openqa.selenium.support.PageFactory.instantiatePage(PageFactory.java:128)
	... 63 more
Caused by: java.lang.NullPointerException
	at com.google.common.base.Preconditions.checkNotNull(Preconditions.java:770)
	at org.openqa.selenium.support.ui.FluentWait.&lt;init&gt;(FluentWait.java:94)
	at org.openqa.selenium.support.ui.WebDriverWait.&lt;init&gt;(WebDriverWait.java:70)
	at org.openqa.selenium.support.ui.WebDriverWait.&lt;init&gt;(WebDriverWait.java:44)
	at pages.HomePage.&lt;init&gt;(HomePage.java:16)
	... 68 more
</error>
    <system-out>Feature: Creating account and adding items to chart

  @test
  Scenario Outline: create new account and add item to cart                                                                                                                                       &amp;#27;[90m# Cucumber.feature:4&amp;#27;[0m
    &amp;#27;[36mGiven &amp;#27;[0m&amp;#27;[36mI am on the home page&amp;#27;[0m
    &amp;#27;[36mWhen &amp;#27;[0m&amp;#27;[36mI create an account &quot;&lt;emailAddress&gt;&quot;&amp;#27;[0m
    &amp;#27;[36mThen &amp;#27;[0m&amp;#27;[36mI see a browser title containing &quot;&lt;loginPageTitle&gt;&quot;&amp;#27;[0m
    &amp;#27;[36mWhen &amp;#27;[0m&amp;#27;[36mI provide my details as follows: &quot;&lt;fname&gt;&quot;, &quot;&lt;lname&gt;&quot;, &quot;&lt;pWord&gt;&quot;, &quot;&lt;dayOfBirth&gt;&quot;, &quot;&lt;monthOfBirth&gt;&quot;, &quot;&lt;yearOfBirth&gt;&quot;, &quot;&lt;address&gt;&quot;, &quot;&lt;city&gt;&quot;, &quot;&lt;state&gt;&quot;, &quot;&lt;pCode&gt;&quot;, &quot;&lt;country&gt;&quot;, &quot;&lt;phone&gt;&quot;&amp;#27;[0m
    &amp;#27;[36mAnd &amp;#27;[0m&amp;#27;[36mI click to register&amp;#27;[0m
    &amp;#27;[36mThen &amp;#27;[0m&amp;#27;[36mI see a browser title containing &quot;&lt;acccountPageTitle&gt;&quot;&amp;#27;[0m
    &amp;#27;[36mWhen &amp;#27;[0m&amp;#27;[36mI click on the dresses link&amp;#27;[0m
    &amp;#27;[36mThen &amp;#27;[0m&amp;#27;[36mI see a browser title containing &quot;&lt;dressesPageTitle&gt;&quot;&amp;#27;[0m
    &amp;#27;[36mWhen &amp;#27;[0m&amp;#27;[36mI decide to add a dress to the cart&amp;#27;[0m
    &amp;#27;[36mThen &amp;#27;[0m&amp;#27;[36mThe dress is added successfullly text &quot;&lt;text&gt;&quot;&amp;#27;[0m

    Examples: 
</system-out>
  </testcase>
  <testcase classname="| http://automationpractice.com/index.php | yetlmail@test.co.uk | Login - My Store | My account - My Store | Dresses - My Store | mark | kofi | Curiy7n1 | Product successfully added to your shopping cart | 12 | May | 1977 | 102 drive | london | Texas | 00000 | United States | 07952983202 |" name="| http://automationpractice.com/index.php | yetlmail@test.co.uk | Login - My Store | My account - My Store | Dresses - My Store | mark | kofi | Curiy7n1 | Product successfully added to your shopping cart | 12 | May | 1977 | 102 drive | london | Texas | 00000 | United States | 07952983202 |" time="0.007">
    <error message="Failed to instantiate class steps.CucumberSteps" type="cucumber.runtime.CucumberException">cucumber.runtime.CucumberException: Failed to instantiate class steps.CucumberSteps
	at cucumber.runtime.java.DefaultJavaObjectFactory.cacheNewInstance(DefaultJavaObjectFactory.java:45)
	at cucumber.runtime.java.DefaultJavaObjectFactory.getInstance(DefaultJavaObjectFactory.java:31)
	at cucumber.runtime.java.JavaStepDefinition.execute(JavaStepDefinition.java:38)
	at cucumber.runtime.StepDefinitionMatch.runStep(StepDefinitionMatch.java:37)
	at cucumber.runtime.Runtime.runStep(Runtime.java:299)
	at cucumber.runtime.model.StepContainer.runStep(StepContainer.java:44)
	at cucumber.runtime.model.StepContainer.runSteps(StepContainer.java:39)
	at cucumber.runtime.model.CucumberScenario.run(CucumberScenario.java:44)
	at cucumber.runtime.junit.ExecutionUnitRunner.run(ExecutionUnitRunner.java:91)
	at org.junit.runners.Suite.runChild(Suite.java:128)
	at org.junit.runners.Suite.runChild(Suite.java:27)
	at org.junit.runners.ParentRunner$3.run(ParentRunner.java:290)
	at org.junit.runners.ParentRunner$1.schedule(ParentRunner.java:71)
	at org.junit.runners.ParentRunner.runChildren(ParentRunner.java:288)
	at org.junit.runners.ParentRunner.access$000(ParentRunner.java:58)
	at org.junit.runners.ParentRunner$2.evaluate(ParentRunner.java:268)
	at org.junit.runners.ParentRunner.run(ParentRunner.java:363)
	at cucumber.runtime.junit.ExamplesRunner.run(ExamplesRunner.java:59)
	at org.junit.runners.Suite.runChild(Suite.java:128)
	at org.junit.runners.Suite.runChild(Suite.java:27)
	at org.junit.runners.ParentRunner$3.run(ParentRunner.java:290)
	at org.junit.runners.ParentRunner$1.schedule(ParentRunner.java:71)
	at org.junit.runners.ParentRunner.runChildren(ParentRunner.java:288)
	at org.junit.runners.ParentRunner.access$000(ParentRunner.java:58)
	at org.junit.runners.ParentRunner$2.evaluate(ParentRunner.java:268)
	at org.junit.runners.ParentRunner.run(ParentRunner.java:363)
	at cucumber.runtime.junit.ScenarioOutlineRunner.run(ScenarioOutlineRunner.java:53)
	at cucumber.runtime.junit.FeatureRunner.runChild(FeatureRunner.java:63)
	at cucumber.runtime.junit.FeatureRunner.runChild(FeatureRunner.java:18)
	at org.junit.runners.ParentRunner$3.run(ParentRunner.java:290)
	at org.junit.runners.ParentRunner$1.schedule(ParentRunner.java:71)
	at org.junit.runners.ParentRunner.runChildren(ParentRunner.java:288)
	at org.junit.runners.ParentRunner.access$000(ParentRunner.java:58)
	at org.junit.runners.ParentRunner$2.evaluate(ParentRunner.java:268)
	at org.junit.runners.ParentRunner.run(ParentRunner.java:363)
	at cucumber.runtime.junit.FeatureRunner.run(FeatureRunner.java:70)
	at cucumber.api.junit.Cucumber.runChild(Cucumber.java:93)
	at cucumber.api.junit.Cucumber.runChild(Cucumber.java:37)
	at org.junit.runners.ParentRunner$3.run(ParentRunner.java:290)
	at org.junit.runners.ParentRunner$1.schedule(ParentRunner.java:71)
	at org.junit.runners.ParentRunner.runChildren(ParentRunner.java:288)
	at org.junit.runners.ParentRunner.access$000(ParentRunner.java:58)
	at org.junit.runners.ParentRunner$2.evaluate(ParentRunner.java:268)
	at org.junit.runners.ParentRunner.run(ParentRunner.java:363)
	at cucumber.api.junit.Cucumber.run(Cucumber.java:98)
	at org.apache.maven.surefire.junit4.JUnit4Provider.execute(JUnit4Provider.java:252)
	at org.apache.maven.surefire.junit4.JUnit4Provider.executeTestSet(JUnit4Provider.java:141)
	at org.apache.maven.surefire.junit4.JUnit4Provider.invoke(JUnit4Provider.java:112)
	at sun.reflect.NativeMethodAccessorImpl.invoke0(Native Method)
	at sun.reflect.NativeMethodAccessorImpl.invoke(NativeMethodAccessorImpl.java:62)
	at sun.reflect.DelegatingMethodAccessorImpl.invoke(DelegatingMethodAccessorImpl.java:43)
	at java.lang.reflect.Method.invoke(Method.java:498)
	at org.apache.maven.surefire.util.ReflectionUtils.invokeMethodWithArray(ReflectionUtils.java:189)
	at org.apache.maven.surefire.booter.ProviderFactory$ProviderProxy.invoke(ProviderFactory.java:165)
	at org.apache.maven.surefire.booter.ProviderFactory.invokeProvider(ProviderFactory.java:85)
	at org.apache.maven.surefire.booter.ForkedBooter.runSuitesInProcess(ForkedBooter.java:115)
	at org.apache.maven.surefire.booter.ForkedBooter.main(ForkedBooter.java:75)
Caused by: java.lang.reflect.InvocationTargetException
	at sun.reflect.NativeConstructorAccessorImpl.newInstance0(Native Method)
	at sun.reflect.NativeConstructorAccessorImpl.newInstance(NativeConstructorAccessorImpl.java:62)
	at sun.reflect.DelegatingConstructorAccessorImpl.newInstance(DelegatingConstructorAccessorImpl.java:45)
	at java.lang.reflect.Constructor.newInstance(Constructor.java:423)
	at cucumber.runtime.java.DefaultJavaObjectFactory.cacheNewInstance(DefaultJavaObjectFactory.java:39)
	... 56 more
Caused by: java.lang.RuntimeException: java.lang.reflect.InvocationTargetException
	at org.openqa.selenium.support.PageFactory.instantiatePage(PageFactory.java:137)
	at org.openqa.selenium.support.PageFactory.initElements(PageFactory.java:63)
	at steps.CucumberSteps.&lt;init&gt;(CucumberSteps.java:22)
	... 61 more
Caused by: java.lang.reflect.InvocationTargetException
	at sun.reflect.NativeConstructorAccessorImpl.newInstance0(Native Method)
	at sun.reflect.NativeConstructorAccessorImpl.newInstance(NativeConstructorAccessorImpl.java:62)
	at sun.reflect.DelegatingConstructorAccessorImpl.newInstance(DelegatingConstructorAccessorImpl.java:45)
	at java.lang.reflect.Constructor.newInstance(Constructor.java:423)
	at org.openqa.selenium.support.PageFactory.instantiatePage(PageFactory.java:128)
	... 63 more
Caused by: java.lang.NullPointerException
	at com.google.common.base.Preconditions.checkNotNull(Preconditions.java:770)
	at org.openqa.selenium.support.ui.FluentWait.&lt;init&gt;(FluentWait.java:94)
	at org.openqa.selenium.support.ui.WebDriverWait.&lt;init&gt;(WebDriverWait.java:70)
	at org.openqa.selenium.support.ui.WebDriverWait.&lt;init&gt;(WebDriverWait.java:44)
	at pages.HomePage.&lt;init&gt;(HomePage.java:16)
	... 68 more
</error>
  </testcase>
  <testcase classname="| http://automationpractice.com/index.php | yetlmail@test.co.uk | Login - My Store | My account - My Store | Dresses - My Store | mark | kofi | Curiy7n1 | Product successfully added to your shopping cart | 12 | May | 1977 | 102 drive | london | Texas | 00000 | United States | 07952983202 |" name="When I create an account &quot;yetlmail@test.co.uk&quot;" time="0.007">
    <skipped/>
  </testcase>
  <testcase classname="| http://automationpractice.com/index.php | yetlmail@test.co.uk | Login - My Store | My account - My Store | Dresses - My Store | mark | kofi | Curiy7n1 | Product successfully added to your shopping cart | 12 | May | 1977 | 102 drive | london | Texas | 00000 | United States | 07952983202 |" name="Then I see a browser title containing &quot;Login - My Store&quot;" time="0.007">
    <skipped/>
  </testcase>
  <testcase classname="| http://automationpractice.com/index.php | yetlmail@test.co.uk | Login - My Store | My account - My Store | Dresses - My Store | mark | kofi | Curiy7n1 | Product successfully added to your shopping cart | 12 | May | 1977 | 102 drive | london | Texas | 00000 | United States | 07952983202 |" name="When I provide my details as follows: &quot;mark&quot;, &quot;kofi&quot;, &quot;Curiy7n1&quot;, &quot;12&quot;, &quot;May&quot;, &quot;1977&quot;, &quot;102 drive&quot;, &quot;london&quot;, &quot;Texas&quot;, &quot;00000&quot;, &quot;United States&quot;, &quot;07952983202&quot;" time="0.007">
    <skipped/>
  </testcase>
  <testcase classname="| http://automationpractice.com/index.php | yetlmail@test.co.uk | Login - My Store | My account - My Store | Dresses - My Store | mark | kofi | Curiy7n1 | Product successfully added to your shopping cart | 12 | May | 1977 | 102 drive | london | Texas | 00000 | United States | 07952983202 |" name="And I click to register" time="0.007">
    <skipped/>
  </testcase>
  <testcase classname="| http://automationpractice.com/index.php | yetlmail@test.co.uk | Login - My Store | My account - My Store | Dresses - My Store | mark | kofi | Curiy7n1 | Product successfully added to your shopping cart | 12 | May | 1977 | 102 drive | london | Texas | 00000 | United States | 07952983202 |" name="Then I see a browser title containing &quot;My account - My Store&quot;" time="0.007">
    <skipped/>
  </testcase>
  <testcase classname="| http://automationpractice.com/index.php | yetlmail@test.co.uk | Login - My Store | My account - My Store | Dresses - My Store | mark | kofi | Curiy7n1 | Product successfully added to your shopping cart | 12 | May | 1977 | 102 drive | london | Texas | 00000 | United States | 07952983202 |" name="When I click on the dresses link" time="0.007">
    <skipped/>
  </testcase>
  <testcase classname="| http://automationpractice.com/index.php | yetlmail@test.co.uk | Login - My Store | My account - My Store | Dresses - My Store | mark | kofi | Curiy7n1 | Product successfully added to your shopping cart | 12 | May | 1977 | 102 drive | london | Texas | 00000 | United States | 07952983202 |" name="Then I see a browser title containing &quot;Dresses - My Store&quot;" time="0.007">
    <skipped/>
  </testcase>
  <testcase classname="| http://automationpractice.com/index.php | yetlmail@test.co.uk | Login - My Store | My account - My Store | Dresses - My Store | mark | kofi | Curiy7n1 | Product successfully added to your shopping cart | 12 | May | 1977 | 102 drive | london | Texas | 00000 | United States | 07952983202 |" name="When I decide to add a dress to the cart" time="0.007">
    <skipped/>
  </testcase>
  <testcase classname="| http://automationpractice.com/index.php | yetlmail@test.co.uk | Login - My Store | My account - My Store | Dresses - My Store | mark | kofi | Curiy7n1 | Product successfully added to your shopping cart | 12 | May | 1977 | 102 drive | london | Texas | 00000 | United States | 07952983202 |" name="Then The dress is added successfullly text &quot;Product successfully added to your shopping cart&quot;" time="0.007">
    <skipped/>
  </testcase>
</testsuite>