<?xml version="1.0" encoding="UTF-8" ?>
<testsuite tests="11" failures="0" name="RunCukeTest" time="0.012" errors="0" skipped="0">
  <properties>
[...]
</properties>
  <testcase classname="| Login - My Store | My account - My Store | Dresses - My Store | mark | kofi | Curiy7n1 | Product successfully added to your shopping cart | 12 | May | 1977 | 102 drive | london | Texas | 00000 | United States | 07952983202 |" name="Given I am on the home page" time="0.003"/>
  <testcase classname="| Login - My Store | My account - My Store | Dresses - My Store | mark | kofi | Curiy7n1 | Product successfully added to your shopping cart | 12 | May | 1977 | 102 drive | london | Texas | 00000 | United States | 07952983202 |" name="When I create an account" time="0"/>
  <testcase classname="| Login - My Store | My account - My Store | Dresses - My Store | mark | kofi | Curiy7n1 | Product successfully added to your shopping cart | 12 | May | 1977 | 102 drive | london | Texas | 00000 | United States | 07952983202 |" name="Then I see a browser title containing &quot;Login - My Store&quot;" time="0.006"/>
  <testcase classname="| Login - My Store | My account - My Store | Dresses - My Store | mark | kofi | Curiy7n1 | Product successfully added to your shopping cart | 12 | May | 1977 | 102 drive | london | Texas | 00000 | United States | 07952983202 |" name="When I provide my details as follows: &quot;mark&quot;, &quot;kofi&quot;, &quot;Curiy7n1&quot;, &quot;12&quot;, &quot;May&quot;, &quot;1977&quot;, &quot;102 drive&quot;, &quot;london&quot;, &quot;Texas&quot;, &quot;00000&quot;, &quot;United States&quot;, &quot;07952983202&quot;" time="0"/>
  <testcase classname="| Login - My Store | My account - My Store | Dresses - My Store | mark | kofi | Curiy7n1 | Product successfully added to your shopping cart | 12 | May | 1977 | 102 drive | london | Texas | 00000 | United States | 07952983202 |" name="And I click to register" time="0"/>
  <testcase classname="| Login - My Store | My account - My Store | Dresses - My Store | mark | kofi | Curiy7n1 | Product successfully added to your shopping cart | 12 | May | 1977 | 102 drive | london | Texas | 00000 | United States | 07952983202 |" name="Then I see a browser title containing &quot;My account - My Store&quot;" time="0"/>
  <testcase classname="| Login - My Store | My account - My Store | Dresses - My Store | mark | kofi | Curiy7n1 | Product successfully added to your shopping cart | 12 | May | 1977 | 102 drive | london | Texas | 00000 | United States | 07952983202 |" name="When I click on the dresses link" time="0"/>
  <testcase classname="| Login - My Store | My account - My Store | Dresses - My Store | mark | kofi | Curiy7n1 | Product successfully added to your shopping cart | 12 | May | 1977 | 102 drive | london | Texas | 00000 | United States | 07952983202 |" name="Then I see a browser title containing &quot;Dresses - My Store&quot;" time="0"/>
  <testcase classname="| Login - My Store | My account - My Store | Dresses - My Store | mark | kofi | Curiy7n1 | Product successfully added to your shopping cart | 12 | May | 1977 | 102 drive | london | Texas | 00000 | United States | 07952983202 |" name="When I decide to add a dress to the cart" time="0"/>
  <testcase classname="| Login - My Store | My account - My Store | Dresses - My Store | mark | kofi | Curiy7n1 | Product successfully added to your shopping cart | 12 | May | 1977 | 102 drive | london | Texas | 00000 | United States | 07952983202 |" name="Then The dress is added successfully text &quot;Product successfully added to your shopping cart&quot;" time="0.001"/>
  <testcase classname="| Login - My Store | My account - My Store | Dresses - My Store | mark | kofi | Curiy7n1 | Product successfully added to your shopping cart | 12 | May | 1977 | 102 drive | london | Texas | 00000 | United States | 07952983202 |" name="| Login - My Store | My account - My Store | Dresses - My Store | mark | kofi | Curiy7n1 | Product successfully added to your shopping cart | 12 | May | 1977 | 102 drive | london | Texas | 00000 | United States | 07952983202 |" time="0.002"/>
</testsuite>